<?xml version="1.0" encoding="UTF-8"?>
<!-- Generated by org.testng.reporters.JUnitReportReporter -->
<testsuite hostname="User" failures="0" tests="1" name="com.config.ExtentsReport" time="8.219" errors="0" timestamp="05 May 2020 18:10:37 GMT" skipped="0">
  <testcase classname="com.config.ExtentsReport" name="HomePageTest_Report" time="8.219"/>
</testsuite> <!-- com.config.ExtentsReport -->
