<?xml version="1.0" encoding="UTF-8"?>
<!-- Generated by org.testng.reporters.JUnitReportReporter -->
<testsuite hostname="User" failures="0" tests="1" name="com.amazon.pages.HomePageTests" time="8.016" errors="0" timestamp="11 May 2020 17:34:45 GMT" skipped="0">
  <testcase classname="com.amazon.pages.HomePageTests" name="tc_62" time="8.016"/>
</testsuite> <!-- com.amazon.pages.HomePageTests -->
